"../../../../../../Users/payto/Documents/GitHub/TG-SSS/Content/StarterContent/Audio/Explosion02.uasset" 0
"../../../Engine/Content/Animation/DefaultAnimCurveCompressionSettings.uasset" 1
"../../../Engine/Content/Functions/Engine_MaterialFunctions01/Opacity/CameraDepthFade.uasset" 2
"../../../Engine/Content/EngineMaterials/T_Default_Material_Grid_M.uasset" 3
"../../../Engine/Content/EngineMaterials/T_Default_Material_Grid_N.uasset" 4
"../../../Engine/Content/EngineMaterials/WorldGridMaterial.uasset" 5
"../../../Engine/Content/ArtTools/RenderToTexture/Meshes/S_1_Unit_Plane.uasset" 6
"../../../Engine/Content/EngineMaterials/DefaultMaterial.uasset" 7
"../../../Engine/Content/BasicShapes/Cone.uasset" 8
"../../../Engine/Content/BasicShapes/Cylinder.uasset" 9
"../../../Engine/Content/BasicShapes/Plane.uasset" 10
"../../../Engine/Content/BasicShapes/Sphere.uasset" 11
"../../../Engine/Content/EditorMaterials/MAT_Groups_Toggle.uasset" 12
"../../../Engine/Content/EditorMaterials/MAT_Groups_Visibility.uasset" 13
"../../../Engine/Content/EditorMaterials/PreviewShadowIndicator.uasset" 14
"../../../Engine/Content/EditorMaterials/PreviewShadowIndicatorMaterial.uasset" 15
"../../../Engine/Content/EditorMaterials/MatineeGroups/MAT_ColorTrack.uasset" 16
"../../../Engine/Content/EditorMaterials/MatineeGroups/MAT_Groups_Anim.uasset" 17
"../../../Engine/Content/EditorMaterials/MatineeGroups/MAT_Groups_AudioMaster.uasset" 18
"../../../Engine/Content/EditorMaterials/MatineeGroups/MAT_Groups_Director.uasset" 19
"../../../Engine/Content/EditorMaterials/MatineeGroups/MAT_Groups_Event.uasset" 20
"../../../Engine/Content/EditorMaterials/MatineeGroups/MAT_Groups_Fade.uasset" 21
"../../../Engine/Content/EditorMaterials/MatineeGroups/MAT_Groups_Float.uasset" 22
"../../../Engine/Content/EditorMaterials/MatineeGroups/MAT_Groups_Move.uasset" 23
"../../../Engine/Content/EditorMaterials/MatineeGroups/MAT_Groups_Slomo.uasset" 24
"../../../Engine/Content/EditorMaterials/MatineeGroups/MAT_Groups_Sound.uasset" 25
"../../../Engine/Content/EditorMaterials/MatineeGroups/MAT_Groups_Vector.uasset" 26
"../../../Engine/Content/EditorMaterials/ParticleSystems/PSysThumbnail_NoImage.uasset" 27
"../../../Engine/Content/EditorMaterials/ParticleSystems/PSysThumbnail_OOD.uasset" 28
"../../../Engine/Content/EditorMaterials/Camera/CineMat.uasset" 29
"../../../Engine/Content/EditorMaterials/Camera/MI_CineMat_Rig.uasset" 30
"../../../Engine/Content/EditorMeshes/Camera/SM_CraneRig_Arm.uasset" 31
"../../../Engine/Content/EditorMeshes/Camera/SM_CraneRig_Base.uasset" 32
"../../../Engine/Content/EditorMeshes/Camera/SM_CraneRig_Body.uasset" 33
"../../../Engine/Content/EditorMeshes/Camera/SM_CraneRig_Mount.uasset" 34
"../../../Engine/Content/EditorMeshes/Camera/SM_RailRig_Mount.uasset" 35
"../../../Engine/Content/EditorMeshes/Camera/SM_RailRig_Track.uasset" 36
"../../../Engine/Content/EditorResources/BSPVertex.uasset" 37
"../../../Engine/Content/EditorResources/EmptyActor.uasset" 38
"../../../Engine/Content/EditorResources/S_Actor.uasset" 39
"../../../Engine/Content/EditorResources/S_Note.uasset" 40
"../../../Engine/Content/EditorResources/S_Solver.uasset" 41
"../../../Engine/Content/EditorResources/S_Trigger.uasset" 42
"../../../Engine/Content/EditorResources/LightIcons/S_LightError.uasset" 43
"../../../Engine/Content/EditorResources/SequenceRecorder/Countdown.uasset" 44
"../../../Engine/Content/EditorResources/SequenceRecorder/RecordingIndicator.uasset" 45
"../../../Engine/Content/EditorSounds/Notifications/CompileFailed.uasset" 46
"../../../Engine/Content/EditorSounds/Notifications/CompileFailed_Cue.uasset" 47
"../../../Engine/Content/EditorSounds/Notifications/CompileSuccess.uasset" 48
"../../../Engine/Content/EditorSounds/Notifications/CompileStart_Cue.uasset" 49
"../../../Engine/Content/EditorSounds/Notifications/CompileSuccess_Cue.uasset" 50
"../../../Engine/Content/EngineDamageTypes/DmgTypeBP_Environmental.uasset" 51
"../../../Engine/Content/EngineDebugMaterials/DebugEditorMaterial.uasset" 52
"../../../Engine/Content/EngineDebugMaterials/DebugMeshMaterial.uasset" 53
"../../../Engine/Content/EngineDebugMaterials/M_SimpleTranslucent.uasset" 54
"../../../Engine/Content/Functions/Engine_MaterialFunctions02/Utility/CameraDirectionVector.uasset" 55
"../../../Engine/Content/EngineDebugMaterials/VolumeToRender.uasset" 56
"../../../Engine/Content/EngineDebugMaterials/M_VolumeRenderSphereTracePP.uasset" 57
"../../../Engine/Content/EngineDebugMaterials/WireframeMaterial.uasset" 58
"../../../Engine/Content/EngineFonts/Faces/DroidSansFallback.uasset" 59
"../../../Engine/Content/EngineFonts/Faces/RobotoBold.uasset" 60
"../../../Engine/Content/EngineFonts/Faces/RobotoBoldItalic.uasset" 61
"../../../Engine/Content/EngineFonts/Faces/RobotoItalic.uasset" 62
"../../../Engine/Content/EngineFonts/Faces/RobotoLight.uasset" 63
"../../../Engine/Content/EngineFonts/Faces/RobotoRegular.uasset" 64
"../../../Engine/Content/EngineFonts/Roboto.uasset" 65
"../../../Engine/Content/EngineMaterials/BaseFlattenDiffuseMap.uasset" 66
"../../../Engine/Content/EngineMaterials/BaseFlattenEmissiveMap.uasset" 67
"../../../Engine/Content/EngineMaterials/BaseFlattenGrayscaleMap.uasset" 68
"../../../Engine/Content/EngineMaterials/BaseFlattenNormalMap.uasset" 69
"../../../Engine/Content/EngineMaterials/BaseFlattenMaterial.uasset" 70
"../../../Engine/Content/EngineMaterials/BlueNoise.uasset" 71
"../../../Engine/Content/EngineMaterials/DefaultBloomKernel.uasset" 72
"../../../Engine/Content/EngineMaterials/DefaultBokeh.uasset" 73
"../../../Engine/Content/EngineMaterials/DefaultDiffuse.uasset" 74
"../../../Engine/Content/EngineMaterials/DefaultDeferredDecalMaterial.uasset" 75
"../../../Engine/Content/EngineMaterials/DefaultLightFunctionMaterial.uasset" 76
"../../../Engine/Content/Functions/Engine_MaterialFunctions02/Utility/BreakOutFloat2Components.uasset" 77
"../../../Engine/Content/EngineMaterials/DefaultPostProcessMaterial.uasset" 78
"../../../Engine/Content/EngineFonts/RobotoDistanceField.uasset" 79
"../../../Engine/Content/EngineMaterials/DefaultTextMaterialOpaque.uasset" 80
"../../../Engine/Content/EngineMaterials/DefaultVirtualTextureMaterial.uasset" 81
"../../../Engine/Content/EngineMaterials/DefaultWhiteGrid.uasset" 82
"../../../Engine/Content/EngineMaterials/DefaultWhiteGrid_Low.uasset" 83
"../../../Engine/Content/EngineMaterials/EmissiveMeshMaterial.uasset" 84
"../../../Engine/Content/EngineMaterials/GizmoMaterial.uasset" 85
"../../../Engine/Content/EngineMaterials/Good64x64TilingNoiseHighFreq.uasset" 86
"../../../Engine/Content/EngineMaterials/HairDefaultMaterial.uasset" 87
"../../../Engine/Content/EngineMaterials/MiniFont.uasset" 88
"../../../Engine/Content/EngineMaterials/InvalidLightmapSettings.uasset" 89
"../../../Engine/Content/EngineMaterials/M_InvalidLightmapSettings.uasset" 90
"../../../Engine/Content/Functions/Engine_MaterialFunctions02/WorldPositionOffset/CameraOffset.uasset" 91
"../../../Engine/Content/EngineMaterials/PhAT_JointLimitMaterial.uasset" 92
"../../../Engine/Content/EngineMaterials/PreintegratedSkinBRDF.uasset" 93
"../../../Engine/Content/EngineMaterials/RemoveSurfaceMaterial.uasset" 94
"../../../Engine/Content/EngineMaterials/WeightMapPlaceholderTexture.uasset" 95
"../../../Engine/Content/EngineResources/WhiteSquareTexture.uasset" 96
"../../../Engine/Content/EngineMaterials/Widget3DPassThrough.uasset" 97
"../../../Engine/Content/EngineMaterials/Widget3DPassThrough_Masked.uasset" 98
"../../../Engine/Content/EngineMaterials/Widget3DPassThrough_Opaque.uasset" 99
"../../../Engine/Content/EngineMaterials/Widget3DPassThrough_Masked_OneSided.uasset" 100
"../../../Engine/Content/EngineMaterials/Widget3DPassThrough_Opaque_OneSided.uasset" 101
"../../../Engine/Content/EngineMaterials/Widget3DPassThrough_Translucent.uasset" 102
"../../../Engine/Content/EngineMaterials/Widget3DPassThrough_Translucent_OneSided.uasset" 103
"../../../Engine/Content/EngineMeshes/Cylinder.uasset" 104
"../../../Engine/Content/EngineMeshes/Sphere.uasset" 105
"../../../Engine/Content/EngineResources/DefaultTexture.uasset" 106
"../../../Engine/Content/EngineResources/DefaultTextureCube.uasset" 107
"../../../Engine/Content/EngineResources/DefaultVolumeTexture2D.uasset" 108
"../../../Engine/Content/EngineResources/DefaultVolumeTexture.uasset" 109
"../../../Engine/Content/EngineResources/GradientTexture0.uasset" 110
"../../../Engine/Content/EngineSounds/Master.uasset" 111
"../../../Engine/Content/Functions/Engine_MaterialFunctions01/Shading/ConvertFromDiffSpec.uasset" 112
"../../../Engine/Content/Functions/Engine_MaterialFunctions01/Shading/PowerToRoughness.uasset" 113
"../../../Engine/Content/Maps/Templates/Thumbnails/Default.uasset" 114
"../../../Engine/Content/Maps/Templates/Thumbnails/TimeOfDay.uasset" 115
"../../../Engine/Content/Maps/Templates/Thumbnails/VR-Basic.uasset" 116
"../../../Engine/Content/MobileResources/T_MobileControls_texture.uasset" 117
"../../../Engine/Content/MobileResources/T_MobileMenu2.uasset" 118
"../../../Engine/Content/MobileResources/HUD/AnalogHat.uasset" 119
"../../../Engine/Content/MobileResources/HUD/VirtualJoystick_Background.uasset" 120
"../../../Engine/Content/MobileResources/HUD/VirtualJoystick_Thumb.uasset" 121
"../../../Engine/Content/MobileResources/HUD/DefaultVirtualJoysticks.uasset" 122
"../../../Engine/Content/MobileResources/HUD/LeftVirtualJoystickOnly.uasset" 123
"../../../Engine/Content/MobileResources/HUD/MobileHUDButton1_off.uasset" 124
"../../../Engine/Content/MobileResources/HUD/MobileHUDButton1_on.uasset" 125
"../../../Engine/Content/MobileResources/HUD/MobileHUDButton2_off.uasset" 126
"../../../Engine/Content/MobileResources/HUD/MobileHUDButton2_on.uasset" 127
"../../../Engine/Content/MobileResources/HUD/MobileHUDButton3.uasset" 128
"../../../Engine/Content/MobileResources/HUD/MobileHUDButtonFire.uasset" 129
"../../../Engine/Content/MobileResources/HUD/MobileHUDDirectionPad.uasset" 130
"../../../Engine/Content/MobileResources/HUD/MobileHUDDirectionPad2.uasset" 131
"../../../Engine/Content/MobileResources/HUD/MobileHUDDirectionPad3.uasset" 132
"../../../Engine/Content/MobileResources/HUD/MobileHUDDirectionStick.uasset" 133
"../../../Engine/Content/MobileResources/HUD/T_Castle_ThumbstickInner.uasset" 134
"../../../Engine/Content/MobileResources/HUD/T_Castle_ThumbstickOutter.uasset" 135
"../../../Engine/Content/Tutorial/ContentIntroCurve.uasset" 136
"../../../Engine/Content/Tutorial/Basics/LevelEditorAttract.uasset" 137
"../../../Engine/Content/VREditor/LaserPointer/VR_LaserPower_01.uasset" 138
"../../../Engine/Content/VREditor/TransformGizmo/TransformGizmoMaterial.uasset" 139
"../../../Engine/Content/VREditor/TransformGizmo/TranslucentTransformGizmoMaterial.uasset" 140
"../../../Engine/Content/VREditor/TransformGizmo/BoundingBoxCorner.uasset" 141
"../../../Engine/Content/VREditor/TransformGizmo/BoundingBoxEdge.uasset" 142
"../../../Engine/Content/VREditor/TransformGizmo/PlaneTranslationHandle.uasset" 143
"../../../Engine/Content/VREditor/TransformGizmo/Main.uasset" 144
"../../../Engine/Content/VREditor/TransformGizmo/Xray.uasset" 145
"../../../Engine/Content/VREditor/TransformGizmo/SM_Sequencer_Key.uasset" 146
"../../../Engine/Content/VREditor/TransformGizmo/SM_Sequencer_Node.uasset" 147
"../../Plugins/2D/Paper2D/Content/PlaceholderTextures/DummySpriteTexture.uasset" 148
"../../Plugins/2D/Paper2D/Content/DummySprite.uasset" 149
"../../Plugins/2D/Paper2D/Content/DefaultPaperTerrainMaterial.uasset" 150
"../../Plugins/2D/Paper2D/Content/DummySpriteTexture.uasset" 151
"../../Plugins/2D/Paper2D/Content/DefaultSpriteMaterial.uasset" 152
"../../Plugins/2D/Paper2D/Content/MaskedUnlitSpriteMaterial.uasset" 153
"../../Plugins/2D/Paper2D/Content/OpaqueUnlitSpriteMaterial.uasset" 154
"../../../Engine/Content/Functions/Engine_MaterialFunctions02/Utility/BreakOutFloat4Components.uasset" 155
"../../../Engine/Content/Functions/Engine_MaterialFunctions02/Utility/MakeFloat2.uasset" 156
"../../../Engine/Content/Functions/Engine_MaterialFunctions02/Utility/MakeFloat3.uasset" 157
"../../Plugins/Runtime/Oculus/OculusVR/Content/Materials/OculusMR_ChromaKey.uasset" 158
"../../Plugins/Runtime/Oculus/OculusVR/Content/Materials/OculusMR_ChromaKey_Lit.uasset" 159
"../../Plugins/Runtime/Oculus/OculusVR/Content/Materials/OculusMR_OpaqueColoredMaterial.uasset" 160
"../../Plugins/Runtime/Oculus/OculusVR/Content/Materials/OculusMR_WhiteMaterial.uasset" 161
"../../../../../../Users/payto/Documents/GitHub/TG-SSS/Content/ThirdPersonBP/Blueprints/Character/Swat_Skeleton.uasset" 162
"../../../../../../Users/payto/Documents/GitHub/TG-SSS/Content/ThirdPersonBP/Blueprints/Character/Animations/idle_aiming.uasset" 163
"../../../../../../Users/payto/Documents/GitHub/TG-SSS/Content/ThirdPersonBP/Blueprints/Character/Animations/reloading_inPlace.uasset" 164
"../../../../../../Users/payto/Documents/GitHub/TG-SSS/Content/ThirdPersonBP/Blueprints/Character/Animations/idle_crouching_aiming.uasset" 165
"../../../../../../Users/payto/Documents/GitHub/TG-SSS/Content/ThirdPersonBP/Blueprints/Character/Animations/walk_crouching_backward_inPlace.uasset" 166
"../../../../../../Users/payto/Documents/GitHub/TG-SSS/Content/ThirdPersonBP/Blueprints/Character/Animations/walk_crouching_forward_inPlace.uasset" 167
"../../../../../../Users/payto/Documents/GitHub/TG-SSS/Content/ThirdPersonBP/Blueprints/Character/Animations/walk_crouching_forward_left_inPlace.uasset" 168
"../../../../../../Users/payto/Documents/GitHub/TG-SSS/Content/ThirdPersonBP/Blueprints/Character/Animations/walk_crouching_forward_right_inPlace.uasset" 169
"../../../../../../Users/payto/Documents/GitHub/TG-SSS/Content/ThirdPersonBP/Blueprints/Character/Crouch_BS.uasset" 170
"../../../../../../Users/payto/Documents/GitHub/TG-SSS/Content/ThirdPersonBP/Blueprints/Character/Animations/run_backward_inPlace.uasset" 171
"../../../../../../Users/payto/Documents/GitHub/TG-SSS/Content/ThirdPersonBP/Blueprints/Character/Animations/run_forward_inPlace.uasset" 172
"../../../../../../Users/payto/Documents/GitHub/TG-SSS/Content/ThirdPersonBP/Blueprints/Character/Animations/run_left_inPlace.uasset" 173
"../../../../../../Users/payto/Documents/GitHub/TG-SSS/Content/ThirdPersonBP/Blueprints/Character/Animations/run_right_inPlace.uasset" 174
"../../../../../../Users/payto/Documents/GitHub/TG-SSS/Content/ThirdPersonBP/Blueprints/Character/Animations/sprint_backward_inPlace.uasset" 175
"../../../../../../Users/payto/Documents/GitHub/TG-SSS/Content/ThirdPersonBP/Blueprints/Character/Animations/sprint_forward_inPlace.uasset" 176
"../../../../../../Users/payto/Documents/GitHub/TG-SSS/Content/ThirdPersonBP/Blueprints/Character/Animations/sprint_left_inPlace.uasset" 177
"../../../../../../Users/payto/Documents/GitHub/TG-SSS/Content/ThirdPersonBP/Blueprints/Character/Animations/sprint_right_inPlace.uasset" 178
"../../../../../../Users/payto/Documents/GitHub/TG-SSS/Content/ThirdPersonBP/Blueprints/Character/Sprint_BS.uasset" 179
"../../../../../../Users/payto/Documents/GitHub/TG-SSS/Content/ThirdPersonBP/Blueprints/Character/Animations/walk_backward_inPlace.uasset" 180
"../../../../../../Users/payto/Documents/GitHub/TG-SSS/Content/ThirdPersonBP/Blueprints/Character/Animations/walk_forward_inPlace.uasset" 181
"../../../../../../Users/payto/Documents/GitHub/TG-SSS/Content/ThirdPersonBP/Blueprints/Character/Animations/walk_left_inPlace.uasset" 182
"../../../../../../Users/payto/Documents/GitHub/TG-SSS/Content/ThirdPersonBP/Blueprints/Character/Animations/walk_right_inPlace.uasset" 183
"../../../../../../Users/payto/Documents/GitHub/TG-SSS/Content/ThirdPersonBP/Blueprints/Character/Walk_Run_BS.uasset" 184
"../../../../../../Users/payto/Documents/GitHub/TG-SSS/Content/ThirdPersonBP/Blueprints/Character/SWATAnimBP.uasset" 185
"../../../Engine/Content/EditorBlueprintResources/StandardMacros.uasset" 186
"../../../../../../Users/payto/Documents/GitHub/TG-SSS/Content/ThirdPersonBP/Blueprints/Character_Base/CharacterManager.uasset" 187
"../../../../../../Users/payto/Documents/GitHub/TG-SSS/Content/ThirdPersonBP/Blueprints/NPC/HealthInterface.uasset" 188
"../../../../../../Users/payto/Documents/GitHub/TG-SSS/Content/ThirdPersonBP/Blueprints/RedVignette.uasset" 189
"../../../../../../Users/payto/Documents/GitHub/TG-SSS/Content/ThirdPersonBP/Blueprints/DamageEffect.uasset" 190
"../../../../../../Users/payto/Documents/GitHub/TG-SSS/Content/ThirdPersonBP/Blueprints/Minimap_Texture.uasset" 191
"../../../../../../Users/payto/Documents/GitHub/TG-SSS/Content/ThirdPersonBP/Maps/Menus/PauseMenu.uasset" 192
"../../../../../../Users/payto/Documents/GitHub/TG-SSS/Content/ThirdPersonBP/Blueprints/PlayerCharacter/PlayerCharacter.uasset" 193
"../../../../../../Users/payto/Documents/GitHub/TG-SSS/Content/Zombie/Zombie_Character_Skeleton.uasset" 194
"../../../../../../Users/payto/Documents/GitHub/TG-SSS/Content/Zombie/Zombie_Attack.uasset" 195
"../../../../../../Users/payto/Documents/GitHub/TG-SSS/Content/Zombie/Zombie_Idle.uasset" 196
"../../../../../../Users/payto/Documents/GitHub/TG-SSS/Content/Zombie/Zombie_Running.uasset" 197
"../../../../../../Users/payto/Documents/GitHub/TG-SSS/Content/Zombie/Zombie_Walking.uasset" 198
"../../../../../../Users/payto/Documents/GitHub/TG-SSS/Content/Zombie/WalkRun_BS.uasset" 199
"../../../../../../Users/payto/Documents/GitHub/TG-SSS/Content/Zombie/Zombie_Character_AnimBP.uasset" 200
"../../../../../../Users/payto/Documents/GitHub/TG-SSS/Content/StarterContent/Materials/M_Basic_Wall.uasset" 201
"../../../../../../Users/payto/Documents/GitHub/TG-SSS/Content/StarterContent/Shapes/Shape_NarrowCapsule.uasset" 202
"../../../../../../Users/payto/Documents/GitHub/TG-SSS/Content/ThirdPersonBP/Blueprints/Weapons/Weapon_Base/Projectile_Base.uasset" 203
"../../../Engine/Content/EngineResources/Black.uasset" 204
"../../../../../../Users/payto/Documents/GitHub/TG-SSS/Content/InfinityBladeEffects/Effects/Masters/M_Trans_Sprite_SubUV_Master.uasset" 205
"../../../../../../Users/payto/Documents/GitHub/TG-SSS/Content/InfinityBladeEffects/Effects/FX_Textures/Damage/T_Rocks_Fire_3_3.uasset" 206
"../../../../../../Users/payto/Documents/GitHub/TG-SSS/Content/InfinityBladeEffects/Effects/FX_Materials/Damage/M_RockDebrisFire_Trans_INST.uasset" 207
"../../../../../../Users/payto/Documents/GitHub/TG-SSS/Content/InfinityBladeEffects/Effects/Masters/M_Add_Sprite_Master.uasset" 208
"../../../../../../Users/payto/Documents/GitHub/TG-SSS/Content/InfinityBladeEffects/Effects/FX_Textures/Gradient/T_starFlare_03.uasset" 209
"../../../../../../Users/payto/Documents/GitHub/TG-SSS/Content/InfinityBladeEffects/Effects/FX_Materials/Gradient/M_Flare_04_INST.uasset" 210
"../../../../../../Users/payto/Documents/GitHub/TG-SSS/Content/InfinityBladeEffects/Effects/Masters/M_Add_Sprite_SubUV_Master.uasset" 211
"../../../../../../Users/payto/Documents/GitHub/TG-SSS/Content/InfinityBladeEffects/Effects/FX_Textures/Smoke/T_SmokeBall_01_8_8.uasset" 212
"../../../../../../Users/payto/Documents/GitHub/TG-SSS/Content/InfinityBladeEffects/Effects/FX_Materials/Smoke/M_Smoke_01_8X8_INST.uasset" 213
"../../../../../../Users/payto/Documents/GitHub/TG-SSS/Content/InfinityBladeEffects/Effects/FX_Textures/Spark/T_Spark_Core.uasset" 214
"../../../../../../Users/payto/Documents/GitHub/TG-SSS/Content/InfinityBladeEffects/Effects/FX_Materials/Spark/M_Spark_Core_01_INST.uasset" 215
"../../../../../../Users/payto/Documents/GitHub/TG-SSS/Content/InfinityBladeEffects/Effects/FX_Mobile/Impacts/P_Impact_Shield_Fire.uasset" 216
"../../../../../../Users/payto/Documents/GitHub/TG-SSS/Content/ThirdPersonBP/Blueprints/HUD_Export/HitMarker.uasset" 217
"../../../../../../Users/payto/Documents/GitHub/TG-SSS/Content/ThirdPersonBP/Blueprints/Hitmarker.uasset" 218
"../../../../../../Users/payto/Documents/GitHub/TG-SSS/Content/ThirdPersonBP/Blueprints/HUD_Export/Killfeed_Back.uasset" 219
"../../../../../../Users/payto/Documents/GitHub/TG-SSS/Content/ThirdPersonBP/Blueprints/KillPopUp.uasset" 220
"../../../../../../Users/payto/Documents/GitHub/TG-SSS/Content/Zombie/FuzZombie__diffuse.uasset" 221
"../../../../../../Users/payto/Documents/GitHub/TG-SSS/Content/Zombie/FuzZombie__normal.uasset" 222
"../../../../../../Users/payto/Documents/GitHub/TG-SSS/Content/Zombie/FuzZombie__specular.uasset" 223
"../../../../../../Users/payto/Documents/GitHub/TG-SSS/Content/Zombie/body_M.uasset" 224
"../../../../../../Users/payto/Documents/GitHub/TG-SSS/Content/Zombie/glass_hair_M.uasset" 225
"../../../../../../Users/payto/Documents/GitHub/TG-SSS/Content/Zombie/glass_hair_M_ncl1_1.uasset" 226
"../../../../../../Users/payto/Documents/GitHub/TG-SSS/Content/Zombie/Zombie_Character_Physics1.uasset" 227
"../../../../../../Users/payto/Documents/GitHub/TG-SSS/Content/Zombie/Zombie_Character.uasset" 228
"../../../../../../Users/payto/Documents/GitHub/TG-SSS/Content/ThirdPersonBP/Blueprints/SimpleAI/SimpleAI.uasset" 229
"../../../../../../Users/payto/Documents/GitHub/TG-SSS/Content/InfinityBladeEffects/Effects/FX_Textures/Fire/T_Fire_subUV_6X6.uasset" 230
"../../../../../../Users/payto/Documents/GitHub/TG-SSS/Content/InfinityBladeEffects/Effects/FX_Materials/Fire/M_Fire_01_Add_6X6_INST.uasset" 231
"../../../../../../Users/payto/Documents/GitHub/TG-SSS/Content/InfinityBladeEffects/Effects/FX_Textures/Tile/T_Black_32.uasset" 232
"../../../../../../Users/payto/Documents/GitHub/TG-SSS/Content/InfinityBladeEffects/Effects/Masters/M_Add_Trail_2Sided_Pan_Master.uasset" 233
"../../../../../../Users/payto/Documents/GitHub/TG-SSS/Content/InfinityBladeEffects/Effects/FX_Textures/Fire/T_FireBlastTile.uasset" 234
"../../../../../../Users/payto/Documents/GitHub/TG-SSS/Content/InfinityBladeEffects/Effects/FX_Materials/Fire/M_Fire_Sheet_01_INST.uasset" 235
"../../../../../../Users/payto/Documents/GitHub/TG-SSS/Content/InfinityBladeEffects/Effects/Masters/M_Trans_Sprite_Master.uasset" 236
"../../../../../../Users/payto/Documents/GitHub/TG-SSS/Content/InfinityBladeEffects/Effects/FX_Textures/Animal/T_Feathers_01.uasset" 237
"../../../../../../Users/payto/Documents/GitHub/TG-SSS/Content/InfinityBladeEffects/Effects/FX_Materials/Misc/M_Feathers_Trans_3X1_INST.uasset" 238
"../../../../../../Users/payto/Documents/GitHub/TG-SSS/Content/InfinityBladeEffects/Effects/FX_Textures/Spark/T_Sparks_03_SubUV_1_4.uasset" 239
"../../../../../../Users/payto/Documents/GitHub/TG-SSS/Content/InfinityBladeEffects/Effects/FX_Materials/Spark/M_Spark_03_1_4_INST.uasset" 240
"../../../../../../Users/payto/Documents/GitHub/TG-SSS/Content/InfinityBladeEffects/Effects/FX_Meshes/Skills/SM_FireBlastMesh.uasset" 241
"../../../../../../Users/payto/Documents/GitHub/TG-SSS/Content/InfinityBladeEffects/Effects/FX_Monsters/FX_Monster_Chicken/P_ChickenMaster_MuzzleFlash_01.uasset" 242
"../../../../../../Users/payto/Documents/GitHub/TG-SSS/Content/StarterContent/Audio/Explosion01.uasset" 243
"../../../../../../Users/payto/Documents/GitHub/TG-SSS/Content/StarterContent/Audio/ExplosionAttinuation.uasset" 244
"../../../../../../Users/payto/Documents/GitHub/TG-SSS/Content/ThirdPersonBP/Blueprints/Weapons/Weapon_Base/Weapon_Base.uasset" 245
"../../../../../../Users/payto/Documents/GitHub/TG-SSS/Content/ThirdPersonBP/Blueprints/Weapons/AssaultRifle/assault_rifle_prototype_DefaultMaterial_BaseColor.uasset" 246
"../../../../../../Users/payto/Documents/GitHub/TG-SSS/Content/ThirdPersonBP/Blueprints/Weapons/AssaultRifle/assault_rifle_prototype_DefaultMaterial_Normal.uasset" 247
"../../../../../../Users/payto/Documents/GitHub/TG-SSS/Content/ThirdPersonBP/Blueprints/Weapons/AssaultRifle/assault_rifle_prototype_DefaultMaterial_OcclusionRoughnessMetallic.uasset" 248
"../../../../../../Users/payto/Documents/GitHub/TG-SSS/Content/ThirdPersonBP/Blueprints/Weapons/AssaultRifle/M_AssaultRifle.uasset" 249
"../../../../../../Users/payto/Documents/GitHub/TG-SSS/Content/ThirdPersonBP/Blueprints/Weapons/AssaultRifle/substanceAssaultRiflePrototype_PhysicsAsset.uasset" 250
"../../../../../../Users/payto/Documents/GitHub/TG-SSS/Content/ThirdPersonBP/Blueprints/Weapons/AssaultRifle/substanceAssaultRiflePrototype_Skeleton.uasset" 251
"../../../../../../Users/payto/Documents/GitHub/TG-SSS/Content/ThirdPersonBP/Blueprints/Weapons/AssaultRifle/substanceAssaultRiflePrototype.uasset" 252
"../../../../../../Users/payto/Documents/GitHub/TG-SSS/Content/ThirdPersonBP/Blueprints/Weapons/AssaultRifle/AssaultRifle.uasset" 253
"../../../../../../Users/payto/Documents/GitHub/TG-SSS/Content/StarterContent/Textures/T_MacroVariation.uasset" 254
"../../../../../../Users/payto/Documents/GitHub/TG-SSS/Content/StarterContent/Textures/T_Metal_Steel_D.uasset" 255
"../../../../../../Users/payto/Documents/GitHub/TG-SSS/Content/StarterContent/Textures/T_Tech_Panel_M.uasset" 256
"../../../../../../Users/payto/Documents/GitHub/TG-SSS/Content/StarterContent/Textures/T_Tech_Panel_N.uasset" 257
"../../../../../../Users/payto/Documents/GitHub/TG-SSS/Content/StarterContent/Materials/M_Tech_Panel.uasset" 258
"../../../../../../Users/payto/Documents/GitHub/TG-SSS/Content/StarterContent/Audio/Explosion_Cue.uasset" 259
"../../../../../../Users/payto/Documents/GitHub/TG-SSS/Content/StarterContent/Textures/T_Burst_M.uasset" 260
"../../../../../../Users/payto/Documents/GitHub/TG-SSS/Content/StarterContent/Particles/Materials/M_Burst.uasset" 261
"../../../../../../Users/payto/Documents/GitHub/TG-SSS/Content/StarterContent/Textures/T_Explosion_SubUV.uasset" 262
"../../../../../../Users/payto/Documents/GitHub/TG-SSS/Content/StarterContent/Particles/Materials/M_explosion_subUV.uasset" 263
"../../../../../../Users/payto/Documents/GitHub/TG-SSS/Content/StarterContent/Particles/Materials/m_flare_01.uasset" 264
"../../../Engine/Content/Functions/Engine_MaterialFunctions01/Gradient/RadialGradient.uasset" 265
"../../../../../../Users/payto/Documents/GitHub/TG-SSS/Content/StarterContent/Particles/Materials/M_radial_ramp.uasset" 266
"../../../../../../Users/payto/Documents/GitHub/TG-SSS/Content/StarterContent/Textures/T_Smoke_SubUV.uasset" 267
"../../../../../../Users/payto/Documents/GitHub/TG-SSS/Content/StarterContent/Textures/T_Smoke_Tiled_D.uasset" 268
"../../../../../../Users/payto/Documents/GitHub/TG-SSS/Content/StarterContent/Particles/Materials/M_smoke_subUV.uasset" 269
"../../../../../../Users/payto/Documents/GitHub/TG-SSS/Content/StarterContent/Particles/P_Explosion.uasset" 270
"../../../../../../Users/payto/Documents/GitHub/TG-SSS/Content/StarterContent/Shapes/Shape_Sphere.uasset" 271
"../../../../../../Users/payto/Documents/GitHub/TG-SSS/Content/ThirdPersonBP/Blueprints/Weapons/GrenadeActor.uasset" 272
"../../../../../../Users/payto/Documents/GitHub/TG-SSS/Content/ThirdPersonBP/Blueprints/Weapons/LongRifle/long_rifle_mesh_prototype_DefaultMaterial_BaseColor.uasset" 273
"../../../../../../Users/payto/Documents/GitHub/TG-SSS/Content/ThirdPersonBP/Blueprints/Weapons/LongRifle/long_rifle_mesh_prototype_DefaultMaterial_Normal.uasset" 274
"../../../../../../Users/payto/Documents/GitHub/TG-SSS/Content/ThirdPersonBP/Blueprints/Weapons/LongRifle/long_rifle_mesh_prototype_DefaultMaterial_OcclusionRoughnessMetallic.uasset" 275
"../../../../../../Users/payto/Documents/GitHub/TG-SSS/Content/ThirdPersonBP/Blueprints/Weapons/LongRifle/M_LongRifle.uasset" 276
"../../../../../../Users/payto/Documents/GitHub/TG-SSS/Content/ThirdPersonBP/Blueprints/Weapons/LongRifle/substanceLongRiflePrototype_PhysicsAsset.uasset" 277
"../../../../../../Users/payto/Documents/GitHub/TG-SSS/Content/ThirdPersonBP/Blueprints/Weapons/LongRifle/substanceLongRiflePrototype_Skeleton.uasset" 278
"../../../../../../Users/payto/Documents/GitHub/TG-SSS/Content/ThirdPersonBP/Blueprints/Weapons/LongRifle/substanceLongRiflePrototype.uasset" 279
"../../../../../../Users/payto/Documents/GitHub/TG-SSS/Content/ThirdPersonBP/Blueprints/Weapons/LongRifle/LongRifle.uasset" 280
"../../../../../../Users/payto/Documents/GitHub/TG-SSS/Content/ThirdPersonBP/Blueprints/Weapons/M4A1/M4A1_Diffuse.uasset" 281
"../../../../../../Users/payto/Documents/GitHub/TG-SSS/Content/ThirdPersonBP/Blueprints/Weapons/M4A1/M4A1_Diffuse_Mat.uasset" 282
"../../../../../../Users/payto/Documents/GitHub/TG-SSS/Content/ThirdPersonBP/Blueprints/Weapons/M4A1/silencer001Mat.uasset" 283
"../../../../../../Users/payto/Documents/GitHub/TG-SSS/Content/ThirdPersonBP/Blueprints/Weapons/M4A1/M4A1_silencer001_PhysicsAsset.uasset" 284
"../../../../../../Users/payto/Documents/GitHub/TG-SSS/Content/ThirdPersonBP/Blueprints/Weapons/M4A1/M4A1_silencer001_Skeleton.uasset" 285
"../../../../../../Users/payto/Documents/GitHub/TG-SSS/Content/ThirdPersonBP/Blueprints/Weapons/M4A1/M4A1_weapon002_PhysicsAsset.uasset" 286
"../../../../../../Users/payto/Documents/GitHub/TG-SSS/Content/ThirdPersonBP/Blueprints/Weapons/M4A1/M4A1_weapon002_Skeleton.uasset" 287
"../../../../../../Users/payto/Documents/GitHub/TG-SSS/Content/ThirdPersonBP/Blueprints/Weapons/M4A1/M4A1.uasset" 288
"../../../../../../Users/payto/Documents/GitHub/TG-SSS/Content/ThirdPersonBP/Blueprints/Weapons/M4A1/Weapon_M4A1.uasset" 289
"../../../../../../Users/payto/Documents/GitHub/TG-SSS/Content/StarterContent/Particles/P_Smoke.uasset" 290
"../../../../../../Users/payto/Documents/GitHub/TG-SSS/Content/ThirdPersonBP/Blueprints/Weapons/SmokeGrenadeActor.uasset" 291
"../../../../../../Users/payto/Documents/GitHub/TG-SSS/Content/ThirdPersonBP/Blueprints/Weapons/Shotgun/shotgun_mesh_DefaultMaterial_BaseColor.uasset" 292
"../../../../../../Users/payto/Documents/GitHub/TG-SSS/Content/ThirdPersonBP/Blueprints/Weapons/Shotgun/shotgun_mesh_DefaultMaterial_Normal.uasset" 293
"../../../../../../Users/payto/Documents/GitHub/TG-SSS/Content/ThirdPersonBP/Blueprints/Weapons/Shotgun/shotgun_mesh_DefaultMaterial_OcclusionRoughnessMetallic.uasset" 294
"../../../../../../Users/payto/Documents/GitHub/TG-SSS/Content/ThirdPersonBP/Blueprints/Weapons/Shotgun/Shotgun.uasset" 295
"../../../../../../Users/payto/Documents/GitHub/TG-SSS/Content/ThirdPersonBP/Blueprints/Weapons/Shotgun/substanceShotgun_PhysicsAsset.uasset" 296
"../../../../../../Users/payto/Documents/GitHub/TG-SSS/Content/ThirdPersonBP/Blueprints/Weapons/Shotgun/substanceShotgun_Skeleton.uasset" 297
"../../../../../../Users/payto/Documents/GitHub/TG-SSS/Content/ThirdPersonBP/Blueprints/Weapons/Shotgun/substanceShotgun.uasset" 298
"../../../../../../Users/payto/Documents/GitHub/TG-SSS/Content/ThirdPersonBP/Blueprints/Weapons/Weapon_Base/Weapon_Shotgun.uasset" 299
"../../../../../../Users/payto/Documents/GitHub/TG-SSS/Content/ThirdPersonBP/Maps/GameModes/GameModeCharacterInfo.uasset" 300
"../../../../../../Users/payto/Documents/GitHub/TG-SSS/Content/ThirdPersonBP/Maps/GameModes/FFA_End.uasset" 301
"../../../../../../Users/payto/Documents/GitHub/TG-SSS/Content/ThirdPersonBP/Maps/GameModes/FFA.uasset" 302
"../../../../../../Users/payto/Documents/GitHub/TG-SSS/Content/ThirdPersonBP/Blueprints/DynamicCrossHair.uasset" 303
"../../../../../../Users/payto/Documents/GitHub/TG-SSS/Content/ThirdPersonBP/Blueprints/Character/Soldier_Body_diffuse.uasset" 304
"../../../../../../Users/payto/Documents/GitHub/TG-SSS/Content/ThirdPersonBP/Blueprints/Character/Soldier_Body_normal.uasset" 305
"../../../../../../Users/payto/Documents/GitHub/TG-SSS/Content/ThirdPersonBP/Blueprints/Character/Soldier_Body_specular.uasset" 306
"../../../../../../Users/payto/Documents/GitHub/TG-SSS/Content/ThirdPersonBP/Blueprints/Character/Soldier_body1.uasset" 307
"../../../../../../Users/payto/Documents/GitHub/TG-SSS/Content/ThirdPersonBP/Blueprints/Character/Soldier_head_diffuse.uasset" 308
"../../../../../../Users/payto/Documents/GitHub/TG-SSS/Content/ThirdPersonBP/Blueprints/Character/Soldier_head_normal.uasset" 309
"../../../../../../Users/payto/Documents/GitHub/TG-SSS/Content/ThirdPersonBP/Blueprints/Character/Soldier_head_specular.uasset" 310
"../../../../../../Users/payto/Documents/GitHub/TG-SSS/Content/ThirdPersonBP/Blueprints/Character/Soldier_head6.uasset" 311
"../../../../../../Users/payto/Documents/GitHub/TG-SSS/Content/ThirdPersonBP/Blueprints/Character/Swat_PhysicsAsset.uasset" 312
"../../../../../../Users/payto/Documents/GitHub/TG-SSS/Content/ThirdPersonBP/Blueprints/Character/Swat.uasset" 313
"../../../../../../Users/payto/Documents/GitHub/TG-SSS/Content/ThirdPersonBP/Blueprints/ThirdPersonGameMode.uasset" 314
"../../../../../../Users/payto/Documents/GitHub/TG-SSS/Content/ThirdPersonBP/Blueprints/Minimap_Material.uasset" 315
"../../../../../../Users/payto/Documents/GitHub/TG-SSS/Content/ThirdPersonBP/Blueprints/HUD_Export/Armor_Border.uasset" 316
"../../../../../../Users/payto/Documents/GitHub/TG-SSS/Content/ThirdPersonBP/Blueprints/HUD_Export/Armor_Icon.uasset" 317
"../../../../../../Users/payto/Documents/GitHub/TG-SSS/Content/ThirdPersonBP/Blueprints/HUD_Export/Bar_Fill.uasset" 318
"../../../../../../Users/payto/Documents/GitHub/TG-SSS/Content/ThirdPersonBP/Blueprints/HUD_Export/Bar_NoFill.uasset" 319
"../../../../../../Users/payto/Documents/GitHub/TG-SSS/Content/ThirdPersonBP/Blueprints/HUD_Export/Grenade1_Icon.uasset" 320
"../../../../../../Users/payto/Documents/GitHub/TG-SSS/Content/ThirdPersonBP/Blueprints/HUD_Export/Grenade2_Icon.uasset" 321
"../../../../../../Users/payto/Documents/GitHub/TG-SSS/Content/ThirdPersonBP/Blueprints/HUD_Export/Health_Border.uasset" 322
"../../../../../../Users/payto/Documents/GitHub/TG-SSS/Content/ThirdPersonBP/Blueprints/HUD_Export/Health_Icon.uasset" 323
"../../../../../../Users/payto/Documents/GitHub/TG-SSS/Content/ThirdPersonBP/Blueprints/HUD_Export/Killfeed_Border.uasset" 324
"../../../../../../Users/payto/Documents/GitHub/TG-SSS/Content/ThirdPersonBP/Blueprints/HUD_Export/Minimap_Arrow.uasset" 325
"../../../../../../Users/payto/Documents/GitHub/TG-SSS/Content/ThirdPersonBP/Blueprints/HUD_Export/Minimap_Border.uasset" 326
"../../../../../../Users/payto/Documents/GitHub/TG-SSS/Content/ThirdPersonBP/Blueprints/HUD_Export/Timer_Backing.uasset" 327
"../../../../../../Users/payto/Documents/GitHub/TG-SSS/Content/ThirdPersonBP/Blueprints/FPSHUD.uasset" 328
"../../../../../../Users/payto/Documents/GitHub/TG-SSS/Content/ThirdPersonBP/Blueprints/Weapons/AssaultRifle/AK_diffuse.uasset" 329
"../../../../../../Users/payto/Documents/GitHub/TG-SSS/Content/ThirdPersonBP/Blueprints/Weapons/AssaultRifle/AK_normal.uasset" 330
"../../../../../../Users/payto/Documents/GitHub/TG-SSS/Content/ThirdPersonBP/Blueprints/Weapons/AssaultRifle/AK_specular.uasset" 331
"../../../../../../Users/payto/Documents/GitHub/TG-SSS/Content/ThirdPersonBP/Blueprints/Weapons/AssaultRifle/AK47_Mat.uasset" 332
"../../../../../../Users/payto/Documents/GitHub/TG-SSS/Content/ThirdPersonBP/Blueprints/Weapons/AssaultRifle/AK_PhysicsAsset.uasset" 333
"../../../../../../Users/payto/Documents/GitHub/TG-SSS/Content/ThirdPersonBP/Blueprints/Weapons/AssaultRifle/AK_Skeleton.uasset" 334
"../../../../../../Users/payto/Documents/GitHub/TG-SSS/Content/ThirdPersonBP/Blueprints/Weapons/AssaultRifle/AK.uasset" 335
"../../../../../../Users/payto/Documents/GitHub/TG-SSS/Content/ThirdPersonBP/Blueprints/Character_Base/Parent_Character.uasset" 336
"../../../../../../Users/payto/Documents/GitHub/TG-SSS/Content/ThirdPersonBP/Blueprints/NPC/NPC_State.uasset" 337
"../../../../../../Users/payto/Documents/GitHub/TG-SSS/Content/ThirdPersonBP/Blueprints/NPC/NPC_Blackboard.uasset" 338
"../../../../../../Users/payto/Documents/GitHub/TG-SSS/Content/ThirdPersonBP/Blueprints/NPC/BTD_AllowIfDistanceGreaterThan.uasset" 339
"../../../../../../Users/payto/Documents/GitHub/TG-SSS/Content/ThirdPersonBP/Blueprints/NPC/BTS_VisionCheck.uasset" 340
"../../../../../../Users/payto/Documents/GitHub/TG-SSS/Content/ThirdPersonBP/Blueprints/NPC/BTT_Attack.uasset" 341
"../../../../../../Users/payto/Documents/GitHub/TG-SSS/Content/ThirdPersonBP/Blueprints/NPC/BTT_DestoryMemory.uasset" 342
"../../../../../../Users/payto/Documents/GitHub/TG-SSS/Content/ThirdPersonBP/Blueprints/NPC/BTT_SetWalkSpeedAndFocus.uasset" 343
"../../../../../../Users/payto/Documents/GitHub/TG-SSS/Content/ThirdPersonBP/Blueprints/NPC/BTT_TravelToPoint_Base.uasset" 344
"../../../../../../Users/payto/Documents/GitHub/TG-SSS/Content/ThirdPersonBP/Blueprints/NPC/BTT_StrafeAroundPlayer.uasset" 345
"../../../../../../Users/payto/Documents/GitHub/TG-SSS/Content/ThirdPersonBP/Blueprints/NPC/BTT_WandertoPoint.uasset" 346
"../../../../../../Users/payto/Documents/GitHub/TG-SSS/Content/ThirdPersonBP/Blueprints/NPC/NPC_BehaviorTree.uasset" 347
"../../../../../../Users/payto/Documents/GitHub/TG-SSS/Content/ThirdPersonBP/Blueprints/NPC/NPC_Controller.uasset" 348
"../../../Engine/Content/EngineMaterials/BlendFunc_DefBase.uasset" 349
"../../../Engine/Content/EngineMaterials/BlendFunc_DefBlend.uasset" 350
"../../../Engine/Content/Functions/Engine_MaterialFunctions03/Blends/Blend_Overlay.uasset" 351
"../../../../../../Users/payto/Documents/GitHub/TG-SSS/Content/ThirdPersonBP/Blueprints/Character/Soldier_body_Red.uasset" 352
"../../../../../../Users/payto/Documents/GitHub/TG-SSS/Content/ThirdPersonBP/Blueprints/NPC/NPC.uasset" 353
"../../../../../../Users/payto/Documents/GitHub/TG-SSS/Content/ThirdPersonBP/Blueprints/NPC/MultiplayerNPC/BTS_VisionCheck_2.uasset" 354
"../../../../../../Users/payto/Documents/GitHub/TG-SSS/Content/ThirdPersonBP/Blueprints/NPC/MultiplayerNPC/NPC_BehaviorTree_2.uasset" 355
"../../../../../../Users/payto/Documents/GitHub/TG-SSS/Content/ThirdPersonBP/Blueprints/NPC/MultiplayerNPC/MultiplayerNPC_Controller_2.uasset" 356
"../../../../../../Users/payto/Documents/GitHub/TG-SSS/Content/ThirdPersonBP/Blueprints/NPC/MultiplayerNPC/MultiplayerNPC.uasset" 357
"../../../Engine/Content/EngineSky/C_Sky_Cloud_Color.uasset" 358
"../../../Engine/Content/EngineSky/C_Sky_Horizon_Color.uasset" 359
"../../../Engine/Content/EngineSky/C_Sky_Zenith_Color.uasset" 360
"../../../Engine/Content/EngineSky/T_Sky_Blue.uasset" 361
"../../../Engine/Content/EngineSky/T_Sky_Clouds_M.uasset" 362
"../../../Engine/Content/EngineSky/T_Sky_Stars.uasset" 363
"../../../Engine/Content/EngineSky/M_Sky_Panning_Clouds2.uasset" 364
"../../../Engine/Content/EngineSky/SM_SkySphere.uasset" 365
"../../../Engine/Content/EngineSky/BP_Sky_Sphere.uasset" 366
"../../../../../../Users/payto/Documents/GitHub/TG-SSS/Content/ThirdPersonBP/Blueprints/Weapons/AssaultRifle/AKPickup.uasset" 367
"../../../../../../Users/payto/Documents/GitHub/TG-SSS/Content/ThirdPersonBP/Blueprints/Weapons/AssaultRifle/AssaultRifle_Pickup.uasset" 368
"../../../../../../Users/payto/Documents/GitHub/TG-SSS/Content/ThirdPersonBP/Blueprints/Weapons/LongRifle/LongRiflePickup.uasset" 369
"../../../../../../Users/payto/Documents/GitHub/TG-SSS/Content/ThirdPersonBP/Blueprints/Weapons/LongRifle/LongRifle_Pickup.uasset" 370
"../../../../../../Users/payto/Documents/GitHub/TG-SSS/Content/ThirdPersonBP/Blueprints/Weapons/Shotgun/ShotgunPickup.uasset" 371
"../../../../../../Users/payto/Documents/GitHub/TG-SSS/Content/ThirdPersonBP/Blueprints/Weapons/Shotgun/Shotgun_Pickup.uasset" 372
"../../../../../../Users/payto/Documents/GitHub/TG-SSS/Content/ThirdPersonBP/Maps/Menus/MainMenu_Texture.uasset" 373
"../../../../../../Users/payto/Documents/GitHub/TG-SSS/Content/ThirdPersonBP/Maps/Menus/MainMenuCamera.uasset" 374
"../../../Engine/Content/EditorLandscapeResources/DataLayer.uasset" 375
"../../../../../../Users/payto/Documents/GitHub/TG-SSS/Content/ThirdPersonBP/Maps/LandscapeTesting_sharedassets/Dirt_LayerInfo.uasset" 376
"../../../../../../Users/payto/Documents/GitHub/TG-SSS/Content/ThirdPersonBP/Maps/LandscapeTesting_sharedassets/Grass_LayerInfo.uasset" 377
"../../../../../../Users/payto/Documents/GitHub/TG-SSS/Content/ThirdPersonBP/Maps/LandscapeTesting_sharedassets/Rock_LayerInfo.uasset" 378
"../../../../../../Users/payto/Documents/GitHub/TG-SSS/Content/ThirdPersonBP/Maps/Menus/MainMenu_BuiltData.uasset" 379
"../../../../../../Users/payto/Documents/GitHub/TG-SSS/Content/StarterContent/Textures/T_Ground_Grass_D.uasset" 380
"../../../../../../Users/payto/Documents/GitHub/TG-SSS/Content/StarterContent/Textures/T_Ground_Grass_N.uasset" 381
"../../../../../../Users/payto/Documents/GitHub/TG-SSS/Content/StarterContent/Textures/T_Ground_Gravel_D.uasset" 382
"../../../../../../Users/payto/Documents/GitHub/TG-SSS/Content/StarterContent/Textures/T_Ground_Gravel_N.uasset" 383
"../../../../../../Users/payto/Documents/GitHub/TG-SSS/Content/StarterContent/Textures/T_Rock_Sandstone_D.uasset" 384
"../../../../../../Users/payto/Documents/GitHub/TG-SSS/Content/StarterContent/Textures/T_Rock_Sandstone_N.uasset" 385
"../../../../../../Users/payto/Documents/GitHub/TG-SSS/Content/ThirdPersonBP/LandscapeTesting_Mat.uasset" 386
"../../../../../../Users/payto/Documents/GitHub/TG-SSS/Content/ThirdPersonBP/LandscapeTestingMasked_Mat.uasset" 387
"../../../Engine/Content/EngineMaterials/DefaultPhysicalMaterial.uasset" 388
"../../../../../../Users/payto/Documents/GitHub/TG-SSS/Content/StarterContent/Textures/T_Maple_Bark_D.uasset" 389
"../../../../../../Users/payto/Documents/GitHub/TG-SSS/Content/StarterContent/Textures/T_Maple_Bark_N.uasset" 390
"../../../../../../Users/payto/Documents/GitHub/TG-SSS/Content/StarterContent/Textures/T_Maple_Bark_S.uasset" 391
"../../../../../../Users/payto/Documents/GitHub/TG-SSS/Content/StarterContent/Materials/M_Bark.uasset" 392
"../../../../../../Users/payto/Documents/GitHub/TG-SSS/Content/StarterContent/Props/LowPolyTreeBarren.uasset" 393
"../../../../../../Users/payto/Documents/GitHub/TG-SSS/Content/ThirdPersonBP/Maps/Menus/M_MainMenu.uasset" 394
"../../../../../../Users/payto/Documents/GitHub/TG-SSS/Content/ThirdPersonBP/Maps/Menus/MainMenuDisplay.uasset" 395
"../../../../../../Users/payto/Documents/GitHub/TG-SSS/Content/ThirdPersonBP/Maps/Menus/MainMenu.umap" 396
"../../../../../../Users/payto/Documents/GitHub/TG-SSS/Content/ThirdPersonBP/Maps/Multiplayer/Arena_BuiltData.uasset" 397
"../../../../../../Users/payto/Documents/GitHub/TG-SSS/Content/ThirdPersonBP/Maps/Multiplayer/Arena.umap" 398
"../../../../../../Users/payto/Documents/GitHub/TG-SSS/Content/ThirdPersonBP/Maps/Multiplayer/DesertMap_BuiltData.uasset" 399
"../../../Engine/Content/BasicShapes/BasicShapeMaterial.uasset" 400
"../../../Engine/Content/BasicShapes/Cube.uasset" 401
"../../../../../../Users/payto/Documents/GitHub/TG-SSS/Content/ThirdPersonBP/Maps/Multiplayer/DesertMap.umap" 402
"../../../Engine/Content/Maps/Entry_BuiltData.uasset" 403
"../../../Engine/Content/Maps/Entry.umap" 404
